<?xml version="1.0" encoding="UTF-8"?>
<testng-results skipped="0" failed="1" ignored="0" total="1" passed="0">
  <reporter-output>
    <line>
      <![CDATA[Pass:: URL is Correct]]>
    </line>
    <line>
      <![CDATA[Pass:: successfully entered username]]>
    </line>
    <line>
      <![CDATA[Pass:: successfully entered password]]>
    </line>
  </reporter-output>
  <suite name="Default suite" duration-ms="101258" started-at="2021-12-31T00:52:27 IST" finished-at="2021-12-31T00:54:08 IST">
    <groups>
    </groups>
    <test name="Default test" duration-ms="101258" started-at="2021-12-31T00:52:27 IST" finished-at="2021-12-31T00:54:08 IST">
      <class name="pomtestcases.TC_11">
        <test-method status="PASS" signature="LaunchingBrowser()[pri:0, instance:pomtestcases.TC_11@2781e022]" name="LaunchingBrowser" is-config="true" duration-ms="19764" started-at="2021-12-31T00:52:27 IST" finished-at="2021-12-31T00:52:46 IST">
          <reporter-output>
          </reporter-output>
        </test-method> <!-- LaunchingBrowser -->
        <test-method status="PASS" signature="login()[pri:0, instance:pomtestcases.TC_11@2781e022]" name="login" is-config="true" duration-ms="23927" started-at="2021-12-31T00:52:46 IST" finished-at="2021-12-31T00:53:10 IST">
          <reporter-output>
            <line>
              <![CDATA[Pass:: URL is Correct]]>
            </line>
            <line>
              <![CDATA[Pass:: successfully entered username]]>
            </line>
            <line>
              <![CDATA[Pass:: successfully entered password]]>
            </line>
          </reporter-output>
        </test-method> <!-- login -->
        <test-method status="FAIL" signature="purchase()[pri:0, instance:pomtestcases.TC_11@2781e022]" name="purchase" duration-ms="57295" started-at="2021-12-31T00:53:10 IST" finished-at="2021-12-31T00:54:08 IST">
          <exception class="org.openqa.selenium.StaleElementReferenceException">
            <message>
              <![CDATA[stale element reference: element is not attached to the page document
  (Session info: chrome=96.0.4664.110)
For documentation on this error, please visit: https://selenium.dev/exceptions/#stale_element_reference
Build info: version: '4.1.1', revision: 'e8fcc2cecf'
System info: host: 'DESKTOP-TJM4QSB', ip: '192.168.1.13', os.name: 'Windows 10', os.arch: 'amd64', os.version: '10.0', java.version: '1.8.0_261'
Driver info: org.openqa.selenium.chrome.ChromeDriver
Command: [fa9d2e92569055b27122e562b7f9777e, getElementText {id=52e6c44a-ec49-4b27-9754-c66fccc6c802}]
Capabilities {acceptInsecureCerts: false, browserName: chrome, browserVersion: 96.0.4664.110, chrome: {chromedriverVersion: 96.0.4664.18 (b8887b3d1742a..., userDataDir: C:\Users\m_zik\AppData\Loca...}, goog:chromeOptions: {debuggerAddress: localhost:61489}, javascriptEnabled: true, networkConnectionEnabled: false, pageLoadStrategy: normal, platform: WINDOWS, platformName: WINDOWS, proxy: Proxy(), se:cdp: ws://localhost:61489/devtoo..., se:cdpVersion: 96.0.4664.110, setWindowRect: true, strictFileInteractability: false, timeouts: {implicit: 0, pageLoad: 300000, script: 30000}, unhandledPromptBehavior: dismiss and notify, webauthn:extension:credBlob: true, webauthn:extension:largeBlob: true, webauthn:virtualAuthenticators: true}
Element: [[ChromeDriver: chrome on WINDOWS (fa9d2e92569055b27122e562b7f9777e)] -> link text: Purchase Order]
Session ID: fa9d2e92569055b27122e562b7f9777e]]>
            </message>
            <full-stacktrace>
              <![CDATA[org.openqa.selenium.StaleElementReferenceException: stale element reference: element is not attached to the page document
  (Session info: chrome=96.0.4664.110)
For documentation on this error, please visit: https://selenium.dev/exceptions/#stale_element_reference
Build info: version: '4.1.1', revision: 'e8fcc2cecf'
System info: host: 'DESKTOP-TJM4QSB', ip: '192.168.1.13', os.name: 'Windows 10', os.arch: 'amd64', os.version: '10.0', java.version: '1.8.0_261'
Driver info: org.openqa.selenium.chrome.ChromeDriver
Command: [fa9d2e92569055b27122e562b7f9777e, getElementText {id=52e6c44a-ec49-4b27-9754-c66fccc6c802}]
Capabilities {acceptInsecureCerts: false, browserName: chrome, browserVersion: 96.0.4664.110, chrome: {chromedriverVersion: 96.0.4664.18 (b8887b3d1742a..., userDataDir: C:\Users\m_zik\AppData\Loca...}, goog:chromeOptions: {debuggerAddress: localhost:61489}, javascriptEnabled: true, networkConnectionEnabled: false, pageLoadStrategy: normal, platform: WINDOWS, platformName: WINDOWS, proxy: Proxy(), se:cdp: ws://localhost:61489/devtoo..., se:cdpVersion: 96.0.4664.110, setWindowRect: true, strictFileInteractability: false, timeouts: {implicit: 0, pageLoad: 300000, script: 30000}, unhandledPromptBehavior: dismiss and notify, webauthn:extension:credBlob: true, webauthn:extension:largeBlob: true, webauthn:virtualAuthenticators: true}
Element: [[ChromeDriver: chrome on WINDOWS (fa9d2e92569055b27122e562b7f9777e)] -> link text: Purchase Order]
Session ID: fa9d2e92569055b27122e562b7f9777e
at sun.reflect.NativeConstructorAccessorImpl.newInstance0(Native Method)
at sun.reflect.NativeConstructorAccessorImpl.newInstance(Unknown Source)
at sun.reflect.DelegatingConstructorAccessorImpl.newInstance(Unknown Source)
at java.lang.reflect.Constructor.newInstance(Unknown Source)
at org.openqa.selenium.remote.codec.w3c.W3CHttpResponseCodec.createException(W3CHttpResponseCodec.java:200)
at org.openqa.selenium.remote.codec.w3c.W3CHttpResponseCodec.decode(W3CHttpResponseCodec.java:133)
at org.openqa.selenium.remote.codec.w3c.W3CHttpResponseCodec.decode(W3CHttpResponseCodec.java:53)
at org.openqa.selenium.remote.HttpCommandExecutor.execute(HttpCommandExecutor.java:184)
at org.openqa.selenium.remote.service.DriverCommandExecutor.invokeExecute(DriverCommandExecutor.java:167)
at org.openqa.selenium.remote.service.DriverCommandExecutor.execute(DriverCommandExecutor.java:142)
at org.openqa.selenium.remote.RemoteWebDriver.execute(RemoteWebDriver.java:543)
at org.openqa.selenium.remote.RemoteWebElement.execute(RemoteWebElement.java:251)
at org.openqa.selenium.remote.RemoteWebElement.getText(RemoteWebElement.java:201)
at pomtestcases.TC_11.purchase(TC_11.java:26)
at sun.reflect.NativeMethodAccessorImpl.invoke0(Native Method)
at sun.reflect.NativeMethodAccessorImpl.invoke(Unknown Source)
at sun.reflect.DelegatingMethodAccessorImpl.invoke(Unknown Source)
at java.lang.reflect.Method.invoke(Unknown Source)
at org.testng.internal.MethodInvocationHelper.invokeMethod(MethodInvocationHelper.java:133)
at org.testng.internal.TestInvoker.invokeMethod(TestInvoker.java:598)
at org.testng.internal.TestInvoker.invokeTestMethod(TestInvoker.java:173)
at org.testng.internal.MethodRunner.runInSequence(MethodRunner.java:46)
at org.testng.internal.TestInvoker$MethodInvocationAgent.invoke(TestInvoker.java:824)
at org.testng.internal.TestInvoker.invokeTestMethods(TestInvoker.java:146)
at org.testng.internal.TestMethodWorker.invokeTestMethods(TestMethodWorker.java:146)
at org.testng.internal.TestMethodWorker.run(TestMethodWorker.java:128)
at java.util.ArrayList.forEach(Unknown Source)
at org.testng.TestRunner.privateRun(TestRunner.java:794)
at org.testng.TestRunner.run(TestRunner.java:596)
at org.testng.SuiteRunner.runTest(SuiteRunner.java:377)
at org.testng.SuiteRunner.runSequentially(SuiteRunner.java:371)
at org.testng.SuiteRunner.privateRun(SuiteRunner.java:332)
at org.testng.SuiteRunner.run(SuiteRunner.java:276)
at org.testng.SuiteRunnerWorker.runSuite(SuiteRunnerWorker.java:53)
at org.testng.SuiteRunnerWorker.run(SuiteRunnerWorker.java:96)
at org.testng.TestNG.runSuitesSequentially(TestNG.java:1212)
at org.testng.TestNG.runSuitesLocally(TestNG.java:1134)
at org.testng.TestNG.runSuites(TestNG.java:1063)
at org.testng.TestNG.run(TestNG.java:1031)
at org.testng.remote.AbstractRemoteTestNG.run(AbstractRemoteTestNG.java:115)
at org.testng.remote.RemoteTestNG.initAndRun(RemoteTestNG.java:251)
at org.testng.remote.RemoteTestNG.main(RemoteTestNG.java:77)
]]>
            </full-stacktrace>
          </exception> <!-- org.openqa.selenium.StaleElementReferenceException -->
          <reporter-output>
          </reporter-output>
        </test-method> <!-- purchase -->
      </class> <!-- pomtestcases.TC_11 -->
    </test> <!-- Default test -->
  </suite> <!-- Default suite -->
</testng-results>
