<?xml version="1.0" encoding="UTF-8"?>
<!-- Generated by org.testng.reporters.JUnitXMLReporter -->
<testsuite hostname="DESKTOP-TJM4QSB" ignored="0" name="Tests" tests="4" failures="0" timestamp="2021-12-21T15:31:07 IST" time="0.359" errors="0">
  <testcase name="createAcc" time="0.053" classname="ParallelExecution.Tc_Accounts_001$TC_Account_001"/>
  <testcase name="modifyAcc" time="0.009" classname="ParallelExecution.TC_Account_003"/>
  <testcase name="delAcc" time="0.009" classname="ParallelExecution.Tc_Loans_004"/>
  <testcase name="deleteAcc" time="0.014" classname="ParallelExecution.TC_Accounts_002$TC_Account_002"/>
</testsuite> <!-- Tests -->
